<?xml version="1.0" encoding="UTF-8"?>
<!-- Generated by org.testng.reporters.JUnitReportReporter -->
<testsuite hostname="DESKTOP-TRJRA9C" failures="0" tests="1" name="cucumberOptions.RunnerClass" time="0.126" errors="0" timestamp="2022-12-22T16:33:05 IST" skipped="0">
  <testcase classname="cucumberOptions.RunnerClass" name="runScenario" time="0.126"/>
  <system-out/>
</testsuite> <!-- cucumberOptions.RunnerClass -->
